{"C:\\Users\\somei\\Documents\\MNS\\Staffme\\projet-staffme-back\\src\\api\\common\\crud\\crudService.js": {"path":"C:\\Users\\somei\\Documents\\MNS\\Staffme\\projet-staffme-back\\src\\api\\common\\crud\\crudService.js","statementMap":{"0":{"start":{"line":1,"column":0},"end":{"line":3,"column":2}},"1":{"start":{"line":2,"column":4},"end":{"line":2,"column":49}},"2":{"start":{"line":5,"column":0},"end":{"line":7,"column":2}},"3":{"start":{"line":6,"column":4},"end":{"line":6,"column":55}},"4":{"start":{"line":9,"column":0},"end":{"line":13,"column":2}},"5":{"start":{"line":10,"column":17},"end":{"line":10,"column":32}},"6":{"start":{"line":11,"column":4},"end":{"line":11,"column":22}},"7":{"start":{"line":12,"column":4},"end":{"line":12,"column":16}},"8":{"start":{"line":15,"column":0},"end":{"line":17,"column":2}},"9":{"start":{"line":16,"column":4},"end":{"line":16,"column":66}},"10":{"start":{"line":19,"column":0},"end":{"line":21,"column":2}},"11":{"start":{"line":20,"column":4},"end":{"line":20,"column":45}}},"fnMap":{"0":{"name":"(anonymous_0)","decl":{"start":{"line":1,"column":17},"end":{"line":1,"column":18}},"loc":{"start":{"line":1,"column":49},"end":{"line":3,"column":1}},"line":1},"1":{"name":"(anonymous_1)","decl":{"start":{"line":5,"column":18},"end":{"line":5,"column":19}},"loc":{"start":{"line":5,"column":54},"end":{"line":7,"column":1}},"line":5},"2":{"name":"(anonymous_2)","decl":{"start":{"line":9,"column":17},"end":{"line":9,"column":18}},"loc":{"start":{"line":9,"column":40},"end":{"line":13,"column":1}},"line":9},"3":{"name":"(anonymous_3)","decl":{"start":{"line":15,"column":21},"end":{"line":15,"column":22}},"loc":{"start":{"line":15,"column":48},"end":{"line":17,"column":1}},"line":15},"4":{"name":"(anonymous_4)","decl":{"start":{"line":19,"column":21},"end":{"line":19,"column":22}},"loc":{"start":{"line":19,"column":42},"end":{"line":21,"column":1}},"line":19}},"branchMap":{"0":{"loc":{"start":{"line":1,"column":31},"end":{"line":1,"column":44}},"type":"default-arg","locations":[{"start":{"line":1,"column":42},"end":{"line":1,"column":44}}],"line":1},"1":{"loc":{"start":{"line":5,"column":36},"end":{"line":5,"column":49}},"type":"default-arg","locations":[{"start":{"line":5,"column":47},"end":{"line":5,"column":49}}],"line":5}},"s":{"0":3,"1":0,"2":3,"3":0,"4":3,"5":0,"6":0,"7":0,"8":3,"9":0,"10":3,"11":0},"f":{"0":0,"1":0,"2":0,"3":0,"4":0},"b":{"0":[0],"1":[0]},"_coverageSchema":"1a1c01bbd47fc00a2c39e90264f33305004495a9","hash":"ae1f9d79901c70b69b79b4ba5ee633897d608111"}
,"C:\\Users\\somei\\Documents\\MNS\\Staffme\\projet-staffme-back\\src\\api\\teams\\TeamModel.js": {"path":"C:\\Users\\somei\\Documents\\MNS\\Staffme\\projet-staffme-back\\src\\api\\teams\\TeamModel.js","statementMap":{"0":{"start":{"line":1,"column":17},"end":{"line":1,"column":36}},"1":{"start":{"line":2,"column":15},"end":{"line":2,"column":30}},"2":{"start":{"line":4,"column":19},"end":{"line":8,"column":2}},"3":{"start":{"line":10,"column":0},"end":{"line":10,"column":52}}},"fnMap":{},"branchMap":{},"s":{"0":3,"1":3,"2":3,"3":3},"f":{},"b":{},"_coverageSchema":"1a1c01bbd47fc00a2c39e90264f33305004495a9","hash":"4f011ebadf54a800e3ff9f75e346a780b3f98a00"}
,"C:\\Users\\somei\\Documents\\MNS\\Staffme\\projet-staffme-back\\src\\api\\teams\\teamRoutes.js": {"path":"C:\\Users\\somei\\Documents\\MNS\\Staffme\\projet-staffme-back\\src\\api\\teams\\teamRoutes.js","statementMap":{"0":{"start":{"line":1,"column":16},"end":{"line":1,"column":34}},"1":{"start":{"line":2,"column":15},"end":{"line":2,"column":31}},"2":{"start":{"line":3,"column":24},"end":{"line":3,"column":52}},"3":{"start":{"line":6,"column":0},"end":{"line":8,"column":3}},"4":{"start":{"line":7,"column":4},"end":{"line":7,"column":57}},"5":{"start":{"line":10,"column":0},"end":{"line":10,"column":47}},"6":{"start":{"line":11,"column":0},"end":{"line":11,"column":49}},"7":{"start":{"line":12,"column":0},"end":{"line":12,"column":53}},"8":{"start":{"line":13,"column":0},"end":{"line":13,"column":54}},"9":{"start":{"line":14,"column":0},"end":{"line":14,"column":55}},"10":{"start":{"line":16,"column":0},"end":{"line":16,"column":24}}},"fnMap":{"0":{"name":"(anonymous_0)","decl":{"start":{"line":6,"column":16},"end":{"line":6,"column":17}},"loc":{"start":{"line":6,"column":30},"end":{"line":8,"column":1}},"line":6}},"branchMap":{},"s":{"0":1,"1":1,"2":1,"3":1,"4":1,"5":1,"6":1,"7":1,"8":1,"9":1,"10":1},"f":{"0":1},"b":{},"_coverageSchema":"1a1c01bbd47fc00a2c39e90264f33305004495a9","hash":"07f06b93dcf119a9926e553b8f395b9116bc03de"}
,"C:\\Users\\somei\\Documents\\MNS\\Staffme\\projet-staffme-back\\src\\api\\teams\\teamsController.js": {"path":"C:\\Users\\somei\\Documents\\MNS\\Staffme\\projet-staffme-back\\src\\api\\teams\\teamsController.js","statementMap":{"0":{"start":{"line":1,"column":21},"end":{"line":1,"column":46}},"1":{"start":{"line":2,"column":12},"end":{"line":2,"column":26}},"2":{"start":{"line":4,"column":21},"end":{"line":11,"column":1}},"3":{"start":{"line":5,"column":19},"end":{"line":9,"column":6}},"4":{"start":{"line":10,"column":4},"end":{"line":10,"column":33}},"5":{"start":{"line":13,"column":0},"end":{"line":20,"column":2}},"6":{"start":{"line":14,"column":4},"end":{"line":19,"column":5}},"7":{"start":{"line":15,"column":22},"end":{"line":15,"column":51}},"8":{"start":{"line":16,"column":8},"end":{"line":16,"column":24}},"9":{"start":{"line":18,"column":8},"end":{"line":18,"column":102}},"10":{"start":{"line":22,"column":0},"end":{"line":32,"column":2}},"11":{"start":{"line":23,"column":22},"end":{"line":23,"column":44}},"12":{"start":{"line":24,"column":4},"end":{"line":24,"column":95}},"13":{"start":{"line":24,"column":15},"end":{"line":24,"column":95}},"14":{"start":{"line":26,"column":4},"end":{"line":31,"column":5}},"15":{"start":{"line":27,"column":21},"end":{"line":27,"column":60}},"16":{"start":{"line":28,"column":8},"end":{"line":28,"column":35}},"17":{"start":{"line":30,"column":8},"end":{"line":30,"column":102}},"18":{"start":{"line":34,"column":0},"end":{"line":42,"column":2}},"19":{"start":{"line":35,"column":4},"end":{"line":41,"column":5}},"20":{"start":{"line":36,"column":21},"end":{"line":36,"column":66}},"21":{"start":{"line":37,"column":8},"end":{"line":37,"column":103}},"22":{"start":{"line":37,"column":19},"end":{"line":37,"column":103}},"23":{"start":{"line":38,"column":8},"end":{"line":38,"column":23}},"24":{"start":{"line":40,"column":8},"end":{"line":40,"column":103}},"25":{"start":{"line":44,"column":0},"end":{"line":55,"column":2}},"26":{"start":{"line":45,"column":22},"end":{"line":45,"column":44}},"27":{"start":{"line":46,"column":4},"end":{"line":46,"column":95}},"28":{"start":{"line":46,"column":15},"end":{"line":46,"column":95}},"29":{"start":{"line":48,"column":4},"end":{"line":54,"column":5}},"30":{"start":{"line":49,"column":21},"end":{"line":49,"column":75}},"31":{"start":{"line":50,"column":8},"end":{"line":50,"column":103}},"32":{"start":{"line":50,"column":19},"end":{"line":50,"column":103}},"33":{"start":{"line":51,"column":8},"end":{"line":51,"column":23}},"34":{"start":{"line":53,"column":8},"end":{"line":53,"column":105}},"35":{"start":{"line":57,"column":0},"end":{"line":65,"column":2}},"36":{"start":{"line":58,"column":4},"end":{"line":64,"column":5}},"37":{"start":{"line":59,"column":21},"end":{"line":59,"column":65}},"38":{"start":{"line":60,"column":8},"end":{"line":60,"column":103}},"39":{"start":{"line":60,"column":19},"end":{"line":60,"column":103}},"40":{"start":{"line":61,"column":8},"end":{"line":61,"column":82}},"41":{"start":{"line":63,"column":8},"end":{"line":63,"column":105}}},"fnMap":{"0":{"name":"(anonymous_0)","decl":{"start":{"line":4,"column":21},"end":{"line":4,"column":22}},"loc":{"start":{"line":4,"column":31},"end":{"line":11,"column":1}},"line":4},"1":{"name":"(anonymous_1)","decl":{"start":{"line":13,"column":19},"end":{"line":13,"column":20}},"loc":{"start":{"line":13,"column":39},"end":{"line":20,"column":1}},"line":13},"2":{"name":"(anonymous_2)","decl":{"start":{"line":22,"column":21},"end":{"line":22,"column":22}},"loc":{"start":{"line":22,"column":41},"end":{"line":32,"column":1}},"line":22},"3":{"name":"(anonymous_3)","decl":{"start":{"line":34,"column":22},"end":{"line":34,"column":23}},"loc":{"start":{"line":34,"column":42},"end":{"line":42,"column":1}},"line":34},"4":{"name":"(anonymous_4)","decl":{"start":{"line":44,"column":21},"end":{"line":44,"column":22}},"loc":{"start":{"line":44,"column":41},"end":{"line":55,"column":1}},"line":44},"5":{"name":"(anonymous_5)","decl":{"start":{"line":57,"column":21},"end":{"line":57,"column":22}},"loc":{"start":{"line":57,"column":41},"end":{"line":65,"column":1}},"line":57}},"branchMap":{"0":{"loc":{"start":{"line":24,"column":4},"end":{"line":24,"column":95}},"type":"if","locations":[{"start":{"line":24,"column":4},"end":{"line":24,"column":95}},{"start":{},"end":{}}],"line":24},"1":{"loc":{"start":{"line":37,"column":8},"end":{"line":37,"column":103}},"type":"if","locations":[{"start":{"line":37,"column":8},"end":{"line":37,"column":103}},{"start":{},"end":{}}],"line":37},"2":{"loc":{"start":{"line":46,"column":4},"end":{"line":46,"column":95}},"type":"if","locations":[{"start":{"line":46,"column":4},"end":{"line":46,"column":95}},{"start":{},"end":{}}],"line":46},"3":{"loc":{"start":{"line":50,"column":8},"end":{"line":50,"column":103}},"type":"if","locations":[{"start":{"line":50,"column":8},"end":{"line":50,"column":103}},{"start":{},"end":{}}],"line":50},"4":{"loc":{"start":{"line":60,"column":8},"end":{"line":60,"column":103}},"type":"if","locations":[{"start":{"line":60,"column":8},"end":{"line":60,"column":103}},{"start":{},"end":{}}],"line":60}},"s":{"0":2,"1":2,"2":2,"3":12,"4":12,"5":2,"6":4,"7":4,"8":2,"9":2,"10":2,"11":5,"12":5,"13":2,"14":3,"15":3,"16":2,"17":1,"18":2,"19":5,"20":5,"21":4,"22":2,"23":2,"24":1,"25":2,"26":7,"27":7,"28":2,"29":5,"30":5,"31":4,"32":2,"33":2,"34":1,"35":2,"36":5,"37":5,"38":4,"39":2,"40":2,"41":1},"f":{"0":12,"1":4,"2":5,"3":5,"4":7,"5":5},"b":{"0":[2,3],"1":[2,2],"2":[2,5],"3":[2,2],"4":[2,2]},"_coverageSchema":"1a1c01bbd47fc00a2c39e90264f33305004495a9","hash":"451d4ae5b146ea931d902c0668f5610f1308f85a"}
,"C:\\Users\\somei\\Documents\\MNS\\Staffme\\projet-staffme-back\\src\\api\\teams\\teamsService.js": {"path":"C:\\Users\\somei\\Documents\\MNS\\Staffme\\projet-staffme-back\\src\\api\\teams\\teamsService.js","statementMap":{"0":{"start":{"line":1,"column":13},"end":{"line":1,"column":35}},"1":{"start":{"line":2,"column":20},"end":{"line":2,"column":57}},"2":{"start":{"line":4,"column":0},"end":{"line":6,"column":2}},"3":{"start":{"line":5,"column":4},"end":{"line":5,"column":60}},"4":{"start":{"line":8,"column":0},"end":{"line":10,"column":2}},"5":{"start":{"line":9,"column":4},"end":{"line":9,"column":52}},"6":{"start":{"line":12,"column":0},"end":{"line":14,"column":2}},"7":{"start":{"line":13,"column":4},"end":{"line":13,"column":65}},"8":{"start":{"line":16,"column":0},"end":{"line":18,"column":2}},"9":{"start":{"line":17,"column":4},"end":{"line":17,"column":60}},"10":{"start":{"line":20,"column":0},"end":{"line":22,"column":2}},"11":{"start":{"line":21,"column":4},"end":{"line":21,"column":50}}},"fnMap":{"0":{"name":"(anonymous_0)","decl":{"start":{"line":4,"column":19},"end":{"line":4,"column":20}},"loc":{"start":{"line":4,"column":31},"end":{"line":6,"column":1}},"line":4},"1":{"name":"(anonymous_1)","decl":{"start":{"line":8,"column":21},"end":{"line":8,"column":22}},"loc":{"start":{"line":8,"column":41},"end":{"line":10,"column":1}},"line":8},"2":{"name":"(anonymous_2)","decl":{"start":{"line":12,"column":22},"end":{"line":12,"column":23}},"loc":{"start":{"line":12,"column":36},"end":{"line":14,"column":1}},"line":12},"3":{"name":"(anonymous_3)","decl":{"start":{"line":16,"column":21},"end":{"line":16,"column":22}},"loc":{"start":{"line":16,"column":45},"end":{"line":18,"column":1}},"line":16},"4":{"name":"(anonymous_4)","decl":{"start":{"line":20,"column":21},"end":{"line":20,"column":22}},"loc":{"start":{"line":20,"column":35},"end":{"line":22,"column":1}},"line":20}},"branchMap":{},"s":{"0":3,"1":3,"2":3,"3":1,"4":3,"5":1,"6":3,"7":1,"8":3,"9":1,"10":3,"11":1},"f":{"0":1,"1":1,"2":1,"3":1,"4":1},"b":{},"_coverageSchema":"1a1c01bbd47fc00a2c39e90264f33305004495a9","hash":"8c2663ed1ba435cd99087c3d142e15a093d1b985"}
}
