TN:
SF:src\api\common\crud\crudService.js
FN:1,(anonymous_0)
FN:5,(anonymous_1)
FN:9,(anonymous_2)
FN:15,(anonymous_3)
FN:19,(anonymous_4)
FNF:5
FNH:0
FNDA:0,(anonymous_0)
FNDA:0,(anonymous_1)
FNDA:0,(anonymous_2)
FNDA:0,(anonymous_3)
FNDA:0,(anonymous_4)
DA:1,3
DA:2,0
DA:5,3
DA:6,0
DA:9,3
DA:10,0
DA:11,0
DA:12,0
DA:15,3
DA:16,0
DA:19,3
DA:20,0
LF:12
LH:5
BRDA:1,0,0,0
BRDA:5,1,0,0
BRF:2
BRH:0
end_of_record
TN:
SF:src\api\teams\TeamModel.js
FNF:0
FNH:0
DA:1,3
DA:2,3
DA:4,3
DA:10,3
LF:4
LH:4
BRF:0
BRH:0
end_of_record
TN:
SF:src\api\teams\teamRoutes.js
FN:6,(anonymous_0)
FNF:1
FNH:1
FNDA:1,(anonymous_0)
DA:1,1
DA:2,1
DA:3,1
DA:6,1
DA:7,1
DA:10,1
DA:11,1
DA:12,1
DA:13,1
DA:14,1
DA:16,1
LF:11
LH:11
BRF:0
BRH:0
end_of_record
TN:
SF:src\api\teams\teamsController.js
FN:4,(anonymous_0)
FN:13,(anonymous_1)
FN:22,(anonymous_2)
FN:34,(anonymous_3)
FN:44,(anonymous_4)
FN:57,(anonymous_5)
FNF:6
FNH:6
FNDA:12,(anonymous_0)
FNDA:4,(anonymous_1)
FNDA:5,(anonymous_2)
FNDA:5,(anonymous_3)
FNDA:7,(anonymous_4)
FNDA:5,(anonymous_5)
DA:1,2
DA:2,2
DA:4,2
DA:5,12
DA:10,12
DA:13,2
DA:14,4
DA:15,4
DA:16,2
DA:18,2
DA:22,2
DA:23,5
DA:24,5
DA:26,3
DA:27,3
DA:28,2
DA:30,1
DA:34,2
DA:35,5
DA:36,5
DA:37,4
DA:38,2
DA:40,1
DA:44,2
DA:45,7
DA:46,7
DA:48,5
DA:49,5
DA:50,4
DA:51,2
DA:53,1
DA:57,2
DA:58,5
DA:59,5
DA:60,4
DA:61,2
DA:63,1
LF:37
LH:37
BRDA:24,0,0,2
BRDA:24,0,1,3
BRDA:37,1,0,2
BRDA:37,1,1,2
BRDA:46,2,0,2
BRDA:46,2,1,5
BRDA:50,3,0,2
BRDA:50,3,1,2
BRDA:60,4,0,2
BRDA:60,4,1,2
BRF:10
BRH:10
end_of_record
TN:
SF:src\api\teams\teamsService.js
FN:4,(anonymous_0)
FN:8,(anonymous_1)
FN:12,(anonymous_2)
FN:16,(anonymous_3)
FN:20,(anonymous_4)
FNF:5
FNH:5
FNDA:1,(anonymous_0)
FNDA:1,(anonymous_1)
FNDA:1,(anonymous_2)
FNDA:1,(anonymous_3)
FNDA:1,(anonymous_4)
DA:1,3
DA:2,3
DA:4,3
DA:5,1
DA:8,3
DA:9,1
DA:12,3
DA:13,1
DA:16,3
DA:17,1
DA:20,3
DA:21,1
LF:12
LH:12
BRF:0
BRH:0
end_of_record
